[0m01:36:04.281232 [debug] [MainThread]: Sending event: {'category': 'dbt', 'action': 'invocation', 'label': 'start', 'context': [<snowplow_tracker.self_describing_json.SelfDescribingJson object at 0x0000028492FB7B60>, <snowplow_tracker.self_describing_json.SelfDescribingJson object at 0x0000028495377D90>, <snowplow_tracker.self_describing_json.SelfDescribingJson object at 0x00000284953779D0>]}


============================== 01:36:04.288098 | 1b322d6c-ef48-498f-b242-39ff3d5e2466 ==============================
[0m01:36:04.288098 [info ] [MainThread]: Running with dbt=1.10.4
[0m01:36:04.288972 [debug] [MainThread]: running dbt with arguments {'printer_width': '80', 'indirect_selection': 'eager', 'log_cache_events': 'False', 'write_json': 'True', 'partial_parse': 'True', 'cache_selected_only': 'False', 'warn_error': 'None', 'debug': 'False', 'profiles_dir': 'C:\\Users\\Hp\\.dbt', 'log_path': 'logs', 'version_check': 'True', 'fail_fast': 'False', 'use_colors': 'True', 'use_experimental_parser': 'False', 'no_print': 'None', 'quiet': 'False', 'empty': 'None', 'warn_error_options': 'WarnErrorOptionsV2(error=[], warn=[], silence=[])', 'introspect': 'True', 'log_format': 'default', 'invocation_command': 'dbt debug --profile retail_data_platform', 'target_path': 'None', 'static_parser': 'True', 'send_anonymous_usage_stats': 'True'}
[0m01:36:04.334951 [info ] [MainThread]: dbt version: 1.10.4
[0m01:36:04.335981 [info ] [MainThread]: python version: 3.13.3
[0m01:36:04.336487 [info ] [MainThread]: python path: C:\Users\Hp\UI_PATH\retail_data_platform\data-platform-env\Scripts\python.exe
[0m01:36:04.336931 [info ] [MainThread]: os info: Windows-11-10.0.26100-SP0
[0m01:36:07.856580 [info ] [MainThread]: Using profiles dir at C:\Users\Hp\.dbt
[0m01:36:07.857165 [info ] [MainThread]: Using profiles.yml file at C:\Users\Hp\.dbt\profiles.yml
[0m01:36:07.857767 [info ] [MainThread]: Using dbt_project.yml file at C:\Users\Hp\UI_PATH\retail_data_platform\dbt_project.yml
[0m01:36:07.859359 [info ] [MainThread]: adapter type: snowflake
[0m01:36:07.859799 [info ] [MainThread]: adapter version: 1.10.0
[0m01:36:07.860342 [info ] [MainThread]: Configuration:
[0m01:36:07.860869 [info ] [MainThread]:   profiles.yml file [[32mOK found and valid[0m]
[0m01:36:07.861256 [info ] [MainThread]:   dbt_project.yml file [[31mERROR not found[0m]
[0m01:36:07.861678 [info ] [MainThread]: Required dependencies:
[0m01:36:07.862088 [debug] [MainThread]: Executing "git --help"
[0m01:36:07.912353 [debug] [MainThread]: STDOUT: "b"usage: git [-v | --version] [-h | --help] [-C <path>] [-c <name>=<value>]\n           [--exec-path[=<path>]] [--html-path] [--man-path] [--info-path]\n           [-p | --paginate | -P | --no-pager] [--no-replace-objects] [--bare]\n           [--git-dir=<path>] [--work-tree=<path>] [--namespace=<name>]\n           [--super-prefix=<path>] [--config-env=<name>=<envvar>]\n           <command> [<args>]\n\nThese are common Git commands used in various situations:\n\nstart a working area (see also: git help tutorial)\n   clone     Clone a repository into a new directory\n   init      Create an empty Git repository or reinitialize an existing one\n\nwork on the current change (see also: git help everyday)\n   add       Add file contents to the index\n   mv        Move or rename a file, a directory, or a symlink\n   restore   Restore working tree files\n   rm        Remove files from the working tree and from the index\n\nexamine the history and state (see also: git help revisions)\n   bisect    Use binary search to find the commit that introduced a bug\n   diff      Show changes between commits, commit and working tree, etc\n   grep      Print lines matching a pattern\n   log       Show commit logs\n   show      Show various types of objects\n   status    Show the working tree status\n\ngrow, mark and tweak your common history\n   branch    List, create, or delete branches\n   commit    Record changes to the repository\n   merge     Join two or more development histories together\n   rebase    Reapply commits on top of another base tip\n   reset     Reset current HEAD to the specified state\n   switch    Switch branches\n   tag       Create, list, delete or verify a tag object signed with GPG\n\ncollaborate (see also: git help workflows)\n   fetch     Download objects and refs from another repository\n   pull      Fetch from and integrate with another repository or a local branch\n   push      Update remote refs along with associated objects\n\n'git help -a' and 'git help -g' list available subcommands and some\nconcept guides. See 'git help <command>' or 'git help <concept>'\nto read about a specific subcommand or concept.\nSee 'git help git' for an overview of the system.\n""
[0m01:36:07.913647 [debug] [MainThread]: STDERR: "b''"
[0m01:36:07.914418 [info ] [MainThread]:  - git [[32mOK found[0m]

[0m01:36:07.915248 [info ] [MainThread]: Connection:
[0m01:36:07.915807 [info ] [MainThread]:   account: obstrqj-wsc22778
[0m01:36:07.916308 [info ] [MainThread]:   user: somya
[0m01:36:07.916761 [info ] [MainThread]:   database: RETAIL_ANALYTICS
[0m01:36:07.917167 [info ] [MainThread]:   warehouse: COMPUTE_WH
[0m01:36:07.917576 [info ] [MainThread]:   role: SYSADMIN
[0m01:36:07.917962 [info ] [MainThread]:   schema: dbt_dev_hp
[0m01:36:07.918435 [info ] [MainThread]:   authenticator: None
[0m01:36:07.918822 [info ] [MainThread]:   oauth_client_id: None
[0m01:36:07.919265 [info ] [MainThread]:   query_tag: None
[0m01:36:07.919750 [info ] [MainThread]:   client_session_keep_alive: False
[0m01:36:07.920296 [info ] [MainThread]:   host: None
[0m01:36:07.920747 [info ] [MainThread]:   port: None
[0m01:36:07.921226 [info ] [MainThread]:   proxy_host: None
[0m01:36:07.921674 [info ] [MainThread]:   proxy_port: None
[0m01:36:07.922103 [info ] [MainThread]:   protocol: None
[0m01:36:07.922429 [info ] [MainThread]:   connect_retries: 1
[0m01:36:07.922734 [info ] [MainThread]:   connect_timeout: None
[0m01:36:07.923031 [info ] [MainThread]:   retry_on_database_errors: False
[0m01:36:07.923335 [info ] [MainThread]:   retry_all: False
[0m01:36:07.923627 [info ] [MainThread]:   insecure_mode: False
[0m01:36:07.923971 [info ] [MainThread]:   reuse_connections: True
[0m01:36:07.924292 [info ] [MainThread]:   s3_stage_vpce_dns_name: None
[0m01:36:07.924853 [info ] [MainThread]: Registered adapter: snowflake=1.10.0
[0m01:36:08.393061 [debug] [MainThread]: Acquiring new snowflake connection 'debug'
[0m01:36:12.408856 [debug] [MainThread]: Using snowflake connection "debug"
[0m01:36:12.409803 [debug] [MainThread]: On debug: select 1 as id
[0m01:36:12.410166 [debug] [MainThread]: Opening a new connection, currently in state init
[0m01:36:15.241431 [debug] [MainThread]: Snowflake adapter: Error running SQL: select 1 as id
[0m01:36:15.242415 [debug] [MainThread]: Snowflake adapter: Rolling back transaction.
[0m01:36:15.243253 [info ] [MainThread]:   Connection test: [[31mERROR[0m]

[0m01:36:15.244912 [info ] [MainThread]: [31m2 checks failed:[0m
[0m01:36:15.246425 [info ] [MainThread]: Project loading failed for the following reason:
 project path <C:\Users\Hp\UI_PATH\retail_data_platform\dbt_project.yml> not found

[0m01:36:15.247875 [info ] [MainThread]: dbt was unable to connect to the specified database.
The database returned the following error:

  >Database Error
  250001 (08001): Failed to connect to DB: obstrqj-wsc22778.snowflakecomputing.com:443. Incorrect username or password was specified.

Check your database credentials and try again. For more information, visit:
https://docs.getdbt.com/docs/configure-your-profile


[0m01:36:15.251399 [debug] [MainThread]: Command `dbt debug` failed at 01:36:15.250923 after 11.13 seconds
[0m01:36:15.252796 [debug] [MainThread]: Connection 'debug' was left open.
[0m01:36:15.254140 [debug] [MainThread]: On debug: No close available on handle
[0m01:36:15.255447 [debug] [MainThread]: Sending event: {'category': 'dbt', 'action': 'invocation', 'label': 'end', 'context': [<snowplow_tracker.self_describing_json.SelfDescribingJson object at 0x00000284A68F96E0>, <snowplow_tracker.self_describing_json.SelfDescribingJson object at 0x00000284A6BC0EF0>, <snowplow_tracker.self_describing_json.SelfDescribingJson object at 0x00000284A64E2CF0>]}
[0m01:36:15.257114 [debug] [MainThread]: Flushing usage events
[0m01:36:16.362230 [debug] [MainThread]: An error was encountered while trying to flush usage events
